./bin/mysqld_safe: 316: my_print_defaults: not found
./bin/mysqld_safe: 322: my_print_defaults: not found
111017 10:24:52 mysqld_safe Logging to '/usr/local/mysql/data/sipc18.err'.
111017 10:24:52 mysqld_safe The file /usr/local/mysql/bin/mysqld
does not exist or is not executable. Please cd to the mysql installation
directory and restart this script from there as follows:
./bin/mysqld_safe&
See http://dev.mysql.com/doc/mysql/en/mysqld-safe.html for more information
./bin/mysqld_safe: 433: cannot create /usr/local/mysql/data/sipc18.err: Directory nonexistent
./bin/mysqld_safe: 316: my_print_defaults: not found
./bin/mysqld_safe: 322: my_print_defaults: not found
111017 10:27:59 mysqld_safe Logging to '/usr/local/mysql/data/sipc18.err'.
111017 10:27:59 mysqld_safe The file /usr/local/mysql/bin/mysqld
does not exist or is not executable. Please cd to the mysql installation
directory and restart this script from there as follows:
./bin/mysqld_safe&
See http://dev.mysql.com/doc/mysql/en/mysqld-safe.html for more information
./bin/mysqld_safe: 433: cannot create /usr/local/mysql/data/sipc18.err: Directory nonexistent
./bin/mysqld_safe: 316: my_print_defaults: not found
./bin/mysqld_safe: 322: my_print_defaults: not found
111017 10:28:21 mysqld_safe Logging to '/usr/local/mysql/data/sipc18.err'.
111017 10:28:21 mysqld_safe The file /usr/local/mysql/bin/mysqld
does not exist or is not executable. Please cd to the mysql installation
directory and restart this script from there as follows:
./bin/mysqld_safe&
See http://dev.mysql.com/doc/mysql/en/mysqld-safe.html for more information
./bin/mysqld_safe: 433: cannot create /usr/local/mysql/data/sipc18.err: Directory nonexistent
