120308 12:48:04 mysqld_safe Starting mysqld daemon with databases from /tmp/WRF4G/opt/mysql-5.5/data
120308 12:48:04 [Note] Plugin 'FEDERATED' is disabled.
120308 12:48:04  InnoDB: Initializing buffer pool, size = 8.0M
120308 12:48:04  InnoDB: Completed initialization of buffer pool
120308 12:48:04  InnoDB: Log file ./ib_logfile0 did not exist: new to be created
InnoDB: Setting log file ./ib_logfile0 size to 5 MB
InnoDB: Database physically writes the file full: wait...
120308 12:48:05  InnoDB: Log file ./ib_logfile1 did not exist: new to be created
InnoDB: Setting log file ./ib_logfile1 size to 5 MB
InnoDB: Database physically writes the file full: wait...
InnoDB: The log sequence number in ibdata files does not match
InnoDB: the log sequence number in the ib_logfiles!
120308 12:48:09  InnoDB: Database was not shut down normally!
InnoDB: Starting crash recovery.
InnoDB: Reading tablespace information from the .ibd files...
InnoDB: Restoring possible half-written data pages from the doublewrite
InnoDB: buffer...
120308 12:48:09  InnoDB: Error: page 7 log sequence number 0 82394
InnoDB: is in the future! Current system log sequence number 0 77324.
InnoDB: Your database may be corrupt or you may have copied the InnoDB
InnoDB: tablespace but not the InnoDB log files. See
InnoDB: http://dev.mysql.com/doc/refman/5.1/en/forcing-innodb-recovery.html
InnoDB: for more information.
120308 12:48:09  InnoDB: Error: page 1 log sequence number 0 82563
InnoDB: is in the future! Current system log sequence number 0 77324.
InnoDB: Your database may be corrupt or you may have copied the InnoDB
InnoDB: tablespace but not the InnoDB log files. See
InnoDB: http://dev.mysql.com/doc/refman/5.1/en/forcing-innodb-recovery.html
InnoDB: for more information.
120308 12:48:09  InnoDB: Error: page 2 log sequence number 0 85858
InnoDB: is in the future! Current system log sequence number 0 77324.
InnoDB: Your database may be corrupt or you may have copied the InnoDB
InnoDB: tablespace but not the InnoDB log files. See
InnoDB: http://dev.mysql.com/doc/refman/5.1/en/forcing-innodb-recovery.html
InnoDB: for more information.
120308 12:48:09  InnoDB: Error: page 11 log sequence number 0 86956
InnoDB: is in the future! Current system log sequence number 0 77324.
InnoDB: Your database may be corrupt or you may have copied the InnoDB
InnoDB: tablespace but not the InnoDB log files. See
InnoDB: http://dev.mysql.com/doc/refman/5.1/en/forcing-innodb-recovery.html
InnoDB: for more information.
120308 12:48:09  InnoDB: Error: page 6 log sequence number 0 86916
InnoDB: is in the future! Current system log sequence number 0 77324.
InnoDB: Your database may be corrupt or you may have copied the InnoDB
InnoDB: tablespace but not the InnoDB log files. See
InnoDB: http://dev.mysql.com/doc/refman/5.1/en/forcing-innodb-recovery.html
InnoDB: for more information.
120308 12:48:09  InnoDB: Error: page 45 log sequence number 0 84417
InnoDB: is in the future! Current system log sequence number 0 77324.
InnoDB: Your database may be corrupt or you may have copied the InnoDB
InnoDB: tablespace but not the InnoDB log files. See
InnoDB: http://dev.mysql.com/doc/refman/5.1/en/forcing-innodb-recovery.html
InnoDB: for more information.
120308 12:48:09  InnoDB: Error: page 197 log sequence number 0 86916
InnoDB: is in the future! Current system log sequence number 0 77324.
InnoDB: Your database may be corrupt or you may have copied the InnoDB
InnoDB: tablespace but not the InnoDB log files. See
InnoDB: http://dev.mysql.com/doc/refman/5.1/en/forcing-innodb-recovery.html
InnoDB: for more information.
120308 12:48:09  InnoDB: Error: page 8 log sequence number 0 87016
InnoDB: is in the future! Current system log sequence number 0 77324.
InnoDB: Your database may be corrupt or you may have copied the InnoDB
InnoDB: tablespace but not the InnoDB log files. See
InnoDB: http://dev.mysql.com/doc/refman/5.1/en/forcing-innodb-recovery.html
InnoDB: for more information.
120308 12:48:09  InnoDB: Error: page 0 log sequence number 0 85858
InnoDB: is in the future! Current system log sequence number 0 77324.
InnoDB: Your database may be corrupt or you may have copied the InnoDB
InnoDB: tablespace but not the InnoDB log files. See
InnoDB: http://dev.mysql.com/doc/refman/5.1/en/forcing-innodb-recovery.html
InnoDB: for more information.
120308 12:48:09  InnoDB: Error: page 9 log sequence number 0 87011
InnoDB: is in the future! Current system log sequence number 0 77324.
InnoDB: Your database may be corrupt or you may have copied the InnoDB
InnoDB: tablespace but not the InnoDB log files. See
InnoDB: http://dev.mysql.com/doc/refman/5.1/en/forcing-innodb-recovery.html
InnoDB: for more information.
120308 12:48:09  InnoDB: Error: page 12 log sequence number 0 86951
InnoDB: is in the future! Current system log sequence number 0 77324.
InnoDB: Your database may be corrupt or you may have copied the InnoDB
InnoDB: tablespace but not the InnoDB log files. See
InnoDB: http://dev.mysql.com/doc/refman/5.1/en/forcing-innodb-recovery.html
InnoDB: for more information.
120308 12:48:09  InnoDB: Error: page 47 log sequence number 0 86936
InnoDB: is in the future! Current system log sequence number 0 77324.
InnoDB: Your database may be corrupt or you may have copied the InnoDB
InnoDB: tablespace but not the InnoDB log files. See
InnoDB: http://dev.mysql.com/doc/refman/5.1/en/forcing-innodb-recovery.html
InnoDB: for more information.
120308 12:48:09  InnoDB: Error: page 48 log sequence number 0 83880
InnoDB: is in the future! Current system log sequence number 0 77324.
InnoDB: Your database may be corrupt or you may have copied the InnoDB
InnoDB: tablespace but not the InnoDB log files. See
InnoDB: http://dev.mysql.com/doc/refman/5.1/en/forcing-innodb-recovery.html
InnoDB: for more information.
120308 12:48:09  InnoDB: Started; log sequence number 0 77324
120308 12:48:09 [Note] Event Scheduler: Loaded 0 events
120308 12:48:09 [Note] /tmp/WRF4G/opt/mysql-5.5/bin/mysqld: ready for connections.
Version: '5.1.58'  socket: '/tmp/WRF4G/opt/mysql-5.5/data/mysql.sock'  port: 13306  MySQL Community Server (GPL)
120308 12:48:10  InnoDB: Error: page 46 log sequence number 0 85179
InnoDB: is in the future! Current system log sequence number 0 77324.
InnoDB: Your database may be corrupt or you may have copied the InnoDB
InnoDB: tablespace but not the InnoDB log files. See
InnoDB: http://dev.mysql.com/doc/refman/5.1/en/forcing-innodb-recovery.html
InnoDB: for more information.
120308 12:51:03 mysqld_safe Starting mysqld daemon with databases from /tmp/WRF4G/opt/mysql-5.5/data
120308 12:51:03 [Note] Plugin 'FEDERATED' is disabled.
120308 12:51:03  InnoDB: Initializing buffer pool, size = 8.0M
120308 12:51:03  InnoDB: Completed initialization of buffer pool
InnoDB: The log sequence number in ibdata files does not match
InnoDB: the log sequence number in the ib_logfiles!
120308 12:51:03  InnoDB: Database was not shut down normally!
InnoDB: Starting crash recovery.
InnoDB: Reading tablespace information from the .ibd files...
InnoDB: Restoring possible half-written data pages from the doublewrite
InnoDB: buffer...
120308 12:51:03  InnoDB: Error: page 7 log sequence number 0 82394
InnoDB: is in the future! Current system log sequence number 0 77324.
InnoDB: Your database may be corrupt or you may have copied the InnoDB
InnoDB: tablespace but not the InnoDB log files. See
InnoDB: http://dev.mysql.com/doc/refman/5.1/en/forcing-innodb-recovery.html
InnoDB: for more information.
120308 12:51:03  InnoDB: Error: page 1 log sequence number 0 82563
InnoDB: is in the future! Current system log sequence number 0 77324.
InnoDB: Your database may be corrupt or you may have copied the InnoDB
InnoDB: tablespace but not the InnoDB log files. See
InnoDB: http://dev.mysql.com/doc/refman/5.1/en/forcing-innodb-recovery.html
InnoDB: for more information.
120308 12:51:03  InnoDB: Error: page 2 log sequence number 0 85858
InnoDB: is in the future! Current system log sequence number 0 77324.
InnoDB: Your database may be corrupt or you may have copied the InnoDB
InnoDB: tablespace but not the InnoDB log files. See
InnoDB: http://dev.mysql.com/doc/refman/5.1/en/forcing-innodb-recovery.html
InnoDB: for more information.
120308 12:51:03  InnoDB: Error: page 11 log sequence number 0 86956
InnoDB: is in the future! Current system log sequence number 0 77324.
InnoDB: Your database may be corrupt or you may have copied the InnoDB
InnoDB: tablespace but not the InnoDB log files. See
InnoDB: http://dev.mysql.com/doc/refman/5.1/en/forcing-innodb-recovery.html
InnoDB: for more information.
120308 12:51:03  InnoDB: Error: page 6 log sequence number 0 86916
InnoDB: is in the future! Current system log sequence number 0 77324.
InnoDB: Your database may be corrupt or you may have copied the InnoDB
InnoDB: tablespace but not the InnoDB log files. See
InnoDB: http://dev.mysql.com/doc/refman/5.1/en/forcing-innodb-recovery.html
InnoDB: for more information.
120308 12:51:03  InnoDB: Error: page 45 log sequence number 0 84417
InnoDB: is in the future! Current system log sequence number 0 77324.
InnoDB: Your database may be corrupt or you may have copied the InnoDB
InnoDB: tablespace but not the InnoDB log files. See
InnoDB: http://dev.mysql.com/doc/refman/5.1/en/forcing-innodb-recovery.html
InnoDB: for more information.
120308 12:51:03  InnoDB: Error: page 197 log sequence number 0 86916
InnoDB: is in the future! Current system log sequence number 0 77324.
InnoDB: Your database may be corrupt or you may have copied the InnoDB
InnoDB: tablespace but not the InnoDB log files. See
InnoDB: http://dev.mysql.com/doc/refman/5.1/en/forcing-innodb-recovery.html
InnoDB: for more information.
120308 12:51:03  InnoDB: Error: page 8 log sequence number 0 87016
InnoDB: is in the future! Current system log sequence number 0 77324.
InnoDB: Your database may be corrupt or you may have copied the InnoDB
InnoDB: tablespace but not the InnoDB log files. See
InnoDB: http://dev.mysql.com/doc/refman/5.1/en/forcing-innodb-recovery.html
InnoDB: for more information.
120308 12:51:03  InnoDB: Error: page 0 log sequence number 0 85858
InnoDB: is in the future! Current system log sequence number 0 77324.
InnoDB: Your database may be corrupt or you may have copied the InnoDB
InnoDB: tablespace but not the InnoDB log files. See
InnoDB: http://dev.mysql.com/doc/refman/5.1/en/forcing-innodb-recovery.html
InnoDB: for more information.
120308 12:51:03  InnoDB: Error: page 9 log sequence number 0 87011
InnoDB: is in the future! Current system log sequence number 0 77324.
InnoDB: Your database may be corrupt or you may have copied the InnoDB
InnoDB: tablespace but not the InnoDB log files. See
InnoDB: http://dev.mysql.com/doc/refman/5.1/en/forcing-innodb-recovery.html
InnoDB: for more information.
120308 12:51:03  InnoDB: Error: page 12 log sequence number 0 86951
InnoDB: is in the future! Current system log sequence number 0 77324.
InnoDB: Your database may be corrupt or you may have copied the InnoDB
InnoDB: tablespace but not the InnoDB log files. See
InnoDB: http://dev.mysql.com/doc/refman/5.1/en/forcing-innodb-recovery.html
InnoDB: for more information.
120308 12:51:03  InnoDB: Error: page 47 log sequence number 0 86936
InnoDB: is in the future! Current system log sequence number 0 77324.
InnoDB: Your database may be corrupt or you may have copied the InnoDB
InnoDB: tablespace but not the InnoDB log files. See
InnoDB: http://dev.mysql.com/doc/refman/5.1/en/forcing-innodb-recovery.html
InnoDB: for more information.
120308 12:51:03  InnoDB: Error: page 48 log sequence number 0 83880
InnoDB: is in the future! Current system log sequence number 0 77324.
InnoDB: Your database may be corrupt or you may have copied the InnoDB
InnoDB: tablespace but not the InnoDB log files. See
InnoDB: http://dev.mysql.com/doc/refman/5.1/en/forcing-innodb-recovery.html
InnoDB: for more information.
120308 12:51:03  InnoDB: Started; log sequence number 0 77324
120308 12:51:03 [Note] Event Scheduler: Loaded 0 events
120308 12:51:03 [Note] /tmp/WRF4G/opt/mysql-5.5/bin/mysqld: ready for connections.
Version: '5.1.58'  socket: '/tmp/WRF4G/opt/mysql-5.5/data/mysql.sock'  port: 13306  MySQL Community Server (GPL)
120308 12:51:04  InnoDB: Error: page 46 log sequence number 0 85179
InnoDB: is in the future! Current system log sequence number 0 77324.
InnoDB: Your database may be corrupt or you may have copied the InnoDB
InnoDB: tablespace but not the InnoDB log files. See
InnoDB: http://dev.mysql.com/doc/refman/5.1/en/forcing-innodb-recovery.html
InnoDB: for more information.
120308 12:53:28  InnoDB: Error: page 49 log sequence number 0 85320
InnoDB: is in the future! Current system log sequence number 0 77324.
InnoDB: Your database may be corrupt or you may have copied the InnoDB
InnoDB: tablespace but not the InnoDB log files. See
InnoDB: http://dev.mysql.com/doc/refman/5.1/en/forcing-innodb-recovery.html
InnoDB: for more information.
120308 12:53:28  InnoDB: Error: page 56 log sequence number 0 81093
InnoDB: is in the future! Current system log sequence number 0 77324.
InnoDB: Your database may be corrupt or you may have copied the InnoDB
InnoDB: tablespace but not the InnoDB log files. See
InnoDB: http://dev.mysql.com/doc/refman/5.1/en/forcing-innodb-recovery.html
InnoDB: for more information.
120308 12:53:28  InnoDB: Error: page 198 log sequence number 0 82384
InnoDB: is in the future! Current system log sequence number 0 77324.
InnoDB: Your database may be corrupt or you may have copied the InnoDB
InnoDB: tablespace but not the InnoDB log files. See
InnoDB: http://dev.mysql.com/doc/refman/5.1/en/forcing-innodb-recovery.html
InnoDB: for more information.
120308 12:53:28  InnoDB: Error: page 199 log sequence number 0 83660
InnoDB: is in the future! Current system log sequence number 0 77324.
InnoDB: Your database may be corrupt or you may have copied the InnoDB
InnoDB: tablespace but not the InnoDB log files. See
InnoDB: http://dev.mysql.com/doc/refman/5.1/en/forcing-innodb-recovery.html
InnoDB: for more information.
120320 09:58:45 mysqld_safe Starting mysqld daemon with databases from /tmp/WRF4G/opt/mysql-5.5/data
120320  9:58:45 [Note] Plugin 'FEDERATED' is disabled.
120320  9:58:45  InnoDB: Initializing buffer pool, size = 8.0M
120320  9:58:45  InnoDB: Completed initialization of buffer pool
InnoDB: The log sequence number in ibdata files does not match
InnoDB: the log sequence number in the ib_logfiles!
120320  9:58:45  InnoDB: Database was not shut down normally!
InnoDB: Starting crash recovery.
InnoDB: Reading tablespace information from the .ibd files...
InnoDB: Restoring possible half-written data pages from the doublewrite
InnoDB: buffer...
120320  9:58:46  InnoDB: Error: page 47 log sequence number 0 86936
InnoDB: is in the future! Current system log sequence number 0 85185.
InnoDB: Your database may be corrupt or you may have copied the InnoDB
InnoDB: tablespace but not the InnoDB log files. See
InnoDB: http://dev.mysql.com/doc/refman/5.1/en/forcing-innodb-recovery.html
InnoDB: for more information.
120320  9:58:46  InnoDB: Started; log sequence number 0 85185
120320  9:58:46 [Note] Event Scheduler: Loaded 0 events
120320  9:58:46 [Note] /tmp/WRF4G/opt/mysql-5.5/bin/mysqld: ready for connections.
Version: '5.1.58'  socket: '/tmp/WRF4G/opt/mysql-5.5/data/mysql.sock'  port: 13306  MySQL Community Server (GPL)
120320  9:58:58  InnoDB: Error: page 49 log sequence number 0 85320
InnoDB: is in the future! Current system log sequence number 0 85185.
InnoDB: Your database may be corrupt or you may have copied the InnoDB
InnoDB: tablespace but not the InnoDB log files. See
InnoDB: http://dev.mysql.com/doc/refman/5.1/en/forcing-innodb-recovery.html
InnoDB: for more information.
